#
# There is insufficient memory for the Java Runtime Environment to continue.
# Native memory allocation (malloc) failed to allocate 1686272 bytes. Error detail: Chunk::new
# Possible reasons:
#   The system is out of physical RAM or swap space
#   This process is running with CompressedOops enabled, and the Java Heap may be blocking the growth of the native heap
# Possible solutions:
#   Reduce memory load on the system
#   Increase physical memory or swap space
#   Check if swap backing store is full
#   Decrease Java heap size (-Xmx/-Xms)
#   Decrease number of Java threads
#   Decrease Java thread stack sizes (-Xss)
#   Set larger code cache with -XX:ReservedCodeCacheSize=
#   JVM is running with Unscaled Compressed Oops mode in which the Java heap is
#     placed in the first 4GB address space. The Java Heap base address is the
#     maximum limit for the native heap growth. Please use -XX:HeapBaseMinAddress
#     to set the Java Heap base and to place the Java Heap above 4GB virtual address.
# This output file may be truncated or incomplete.
#
#  Out of Memory Error (arena.cpp:168), pid=6000, tid=10496
#
# JRE version: OpenJDK Runtime Environment Temurin-21.0.7+6 (21.0.7+6) (build 21.0.7+6-LTS)
# Java VM: OpenJDK 64-Bit Server VM Temurin-21.0.7+6 (21.0.7+6-LTS, mixed mode, sharing, tiered, compressed oops, compressed class ptrs, parallel gc, windows-amd64)
# No core dump will be written. Minidumps are not enabled by default on client versions of Windows
#

---------------  S U M M A R Y ------------

Command Line: --add-modules=ALL-SYSTEM --add-opens=java.base/java.util=ALL-UNNAMED --add-opens=java.base/java.lang=ALL-UNNAMED --add-opens=java.base/sun.nio.fs=ALL-UNNAMED -Declipse.application=org.eclipse.jdt.ls.core.id1 -Dosgi.bundles.defaultStartLevel=4 -Declipse.product=org.eclipse.jdt.ls.core.product -Djava.import.generatesMetadataFilesAtProjectRoot=false -DDetectVMInstallationsJob.disabled=true -Dfile.encoding=utf8 -XX:+UseParallelGC -XX:GCTimeRatio=4 -XX:AdaptiveSizePolicyWeight=90 -Dsun.zip.disableMemoryMapping=true -Xmx1G -Xms100m -Xlog:disable -javaagent:c:\Users\danie\.vscode\extensions\redhat.java-1.42.0-win32-x64\lombok\lombok-1.18.36.jar -XX:+HeapDumpOnOutOfMemoryError -XX:HeapDumpPath=c:\Users\danie\AppData\Roaming\Code\User\workspaceStorage\d43f701f7f95722364a21491d422b9fd\redhat.java -Daether.dependencyCollector.impl=bf c:\Users\danie\.vscode\extensions\redhat.java-1.42.0-win32-x64\server\plugins\org.eclipse.equinox.launcher_1.7.0.v20250424-1814.jar -configuration c:\Users\danie\AppData\Roaming\Code\User\globalStorage\redhat.java\1.42.0\config_win -data c:\Users\danie\AppData\Roaming\Code\User\workspaceStorage\d43f701f7f95722364a21491d422b9fd\redhat.java\jdt_ws --pipe=\\.\pipe\lsp-24438fd739ae282084f02944b8a4efe1-sock

Host: AMD Athlon Gold 3150U with Radeon Graphics     , 4 cores, 3G,  Windows 11 , 64 bit Build 26100 (10.0.26100.1882)
Time: Sat May 17 21:45:39 2025 Hora est. Pacífico, Sudamérica elapsed time: 61.815733 seconds (0d 0h 1m 1s)

---------------  T H R E A D  ---------------

Current thread (0x000002d1fb625e60):  JavaThread "C2 CompilerThread0" daemon [_thread_in_native, id=10496, stack(0x000000fd1e200000,0x000000fd1e300000) (1024K)]


Current CompileTask:
C2:61816 11644   !   4       java.nio.file.FileTreeWalker::visit (204 bytes)

Stack: [0x000000fd1e200000,0x000000fd1e300000]
Native frames: (J=compiled Java code, j=interpreted, Vv=VM code, C=native code)
V  [jvm.dll+0x6ce119]
V  [jvm.dll+0x8a84a1]
V  [jvm.dll+0x8aa9ce]
V  [jvm.dll+0x8ab0b3]
V  [jvm.dll+0x27f8a6]
V  [jvm.dll+0xc507d]
V  [jvm.dll+0xc55b3]
V  [jvm.dll+0x3b692c]
V  [jvm.dll+0x382aa5]
V  [jvm.dll+0x381f0a]
V  [jvm.dll+0x247af0]
V  [jvm.dll+0x2470cf]
V  [jvm.dll+0x1c760e]
V  [jvm.dll+0x25695a]
V  [jvm.dll+0x254efa]
V  [jvm.dll+0x3f03f6]
V  [jvm.dll+0x851f6b]
V  [jvm.dll+0x6cc7dd]
C  [ucrtbase.dll+0x14ea0]
C  [KERNEL32.DLL+0x2dbe7]
C  [ntdll.dll+0x85a4c]


---------------  P R O C E S S  ---------------

Threads class SMR info:
_java_thread_list=0x000002d1fee3fa00, length=44, elements={
0x000002d1f62ea8d0, 0x000002d1fb617200, 0x000002d1fb618bd0, 0x000002d1fb61df10,
0x000002d1fb61f970, 0x000002d1fb6205c0, 0x000002d1fb623020, 0x000002d1fb625e60,
0x000002d1fb696320, 0x000002d1fc3ee0e0, 0x000002d1fc6492c0, 0x000002d1fcb2fe40,
0x000002d1fd284410, 0x000002d1fcccdd00, 0x000002d1fcea7160, 0x000002d1fd89f370,
0x000002d1fd3a3070, 0x000002d1fd64b390, 0x000002d1fd64a670, 0x000002d1fd64c0b0,
0x000002d1fd64c740, 0x000002d1fd64cdd0, 0x000002d1fd64ad00, 0x000002d1fd649fe0,
0x000002d1fd649950, 0x000002d1fd64ba20, 0x000002d1ff3ca480, 0x000002d1ff3c83b0,
0x000002d1ff3c8a40, 0x000002d1ff3c7690, 0x000002d1ff3c7000, 0x000002d1ff3c7d20,
0x000002d1ff3cbec0, 0x000002d1ff3c9df0, 0x000002d1ff3cc550, 0x000002d1ff3c90d0,
0x000002d1ff3ccbe0, 0x000002d1ff3cb1a0, 0x000002d1ff3cb830, 0x000002d1ff3c9760,
0x000002d1ff3cd900, 0x000002d1ff3cdf90, 0x000002d1ff3ce620, 0x000002d1d444a2c0
}

Java Threads: ( => current thread )
  0x000002d1f62ea8d0 JavaThread "main"                              [_thread_blocked, id=1384, stack(0x000000fd1d800000,0x000000fd1d900000) (1024K)]
  0x000002d1fb617200 JavaThread "Reference Handler"          daemon [_thread_blocked, id=9684, stack(0x000000fd1dc00000,0x000000fd1dd00000) (1024K)]
  0x000002d1fb618bd0 JavaThread "Finalizer"                  daemon [_thread_blocked, id=11020, stack(0x000000fd1dd00000,0x000000fd1de00000) (1024K)]
  0x000002d1fb61df10 JavaThread "Signal Dispatcher"          daemon [_thread_blocked, id=4972, stack(0x000000fd1de00000,0x000000fd1df00000) (1024K)]
  0x000002d1fb61f970 JavaThread "Attach Listener"            daemon [_thread_blocked, id=6668, stack(0x000000fd1df00000,0x000000fd1e000000) (1024K)]
  0x000002d1fb6205c0 JavaThread "Service Thread"             daemon [_thread_blocked, id=4804, stack(0x000000fd1e000000,0x000000fd1e100000) (1024K)]
  0x000002d1fb623020 JavaThread "Monitor Deflation Thread"   daemon [_thread_blocked, id=4504, stack(0x000000fd1e100000,0x000000fd1e200000) (1024K)]
=>0x000002d1fb625e60 JavaThread "C2 CompilerThread0"         daemon [_thread_in_native, id=10496, stack(0x000000fd1e200000,0x000000fd1e300000) (1024K)]
  0x000002d1fb696320 JavaThread "C1 CompilerThread0"         daemon [_thread_in_vm, id=14116, stack(0x000000fd1e300000,0x000000fd1e400000) (1024K)]
  0x000002d1fc3ee0e0 JavaThread "Common-Cleaner"             daemon [_thread_blocked, id=14564, stack(0x000000fd1e400000,0x000000fd1e500000) (1024K)]
  0x000002d1fc6492c0 JavaThread "Notification Thread"        daemon [_thread_blocked, id=7248, stack(0x000000fd1e500000,0x000000fd1e600000) (1024K)]
  0x000002d1fcb2fe40 JavaThread "Active Thread: Equinox Container: 1e475f15-214b-460a-a1ab-ba5f9a4977f4"        [_thread_blocked, id=11616, stack(0x000000fd1ea00000,0x000000fd1eb00000) (1024K)]
  0x000002d1fd284410 JavaThread "Refresh Thread: Equinox Container: 1e475f15-214b-460a-a1ab-ba5f9a4977f4" daemon [_thread_blocked, id=4980, stack(0x000000fd1e600000,0x000000fd1e700000) (1024K)]
  0x000002d1fcccdd00 JavaThread "Framework Event Dispatcher: Equinox Container: 1e475f15-214b-460a-a1ab-ba5f9a4977f4" daemon [_thread_blocked, id=6608, stack(0x000000fd1ec00000,0x000000fd1ed00000) (1024K)]
  0x000002d1fcea7160 JavaThread "Start Level: Equinox Container: 1e475f15-214b-460a-a1ab-ba5f9a4977f4" daemon [_thread_blocked, id=7500, stack(0x000000fd1ed00000,0x000000fd1ee00000) (1024K)]
  0x000002d1fd89f370 JavaThread "Bundle File Closer"         daemon [_thread_blocked, id=4012, stack(0x000000fd1ee00000,0x000000fd1ef00000) (1024K)]
  0x000002d1fd3a3070 JavaThread "SCR Component Actor"        daemon [_thread_blocked, id=15652, stack(0x000000fd1eb00000,0x000000fd1ec00000) (1024K)]
  0x000002d1fd64b390 JavaThread "Worker-JM"                         [_thread_blocked, id=14368, stack(0x000000fd1f000000,0x000000fd1f100000) (1024K)]
  0x000002d1fd64a670 JavaThread "JNA Cleaner"                daemon [_thread_blocked, id=16228, stack(0x000000fd1f200000,0x000000fd1f300000) (1024K)]
  0x000002d1fd64c0b0 JavaThread "Worker-0"                          [_thread_blocked, id=7124, stack(0x000000fd1f300000,0x000000fd1f400000) (1024K)]
  0x000002d1fd64c740 JavaThread "Worker-1: Initialize workspace"        [_thread_blocked, id=9700, stack(0x000000fd1f100000,0x000000fd1f200000) (1024K)]
  0x000002d1fd64cdd0 JavaThread "Worker-2: Java indexing... "        [_thread_blocked, id=11260, stack(0x000000fd1f400000,0x000000fd1f500000) (1024K)]
  0x000002d1fd64ad00 JavaThread "Java indexing"              daemon [_thread_in_Java, id=7996, stack(0x000000fd1f500000,0x000000fd1f600000) (1024K)]
  0x000002d1fd649fe0 JavaThread "Worker-3"                          [_thread_blocked, id=796, stack(0x000000fd1f600000,0x000000fd1f700000) (1024K)]
  0x000002d1fd649950 JavaThread "Worker-4"                          [_thread_blocked, id=5500, stack(0x000000fd1f700000,0x000000fd1f800000) (1024K)]
  0x000002d1fd64ba20 JavaThread "Worker-5: Publish Diagnostics"        [_thread_in_Java, id=10428, stack(0x000000fd1fa00000,0x000000fd1fb00000) (1024K)]
  0x000002d1ff3ca480 JavaThread "Thread-2"                   daemon [_thread_in_native, id=10556, stack(0x000000fd1fb00000,0x000000fd1fc00000) (1024K)]
  0x000002d1ff3c83b0 JavaThread "Thread-3"                   daemon [_thread_in_native, id=9536, stack(0x000000fd1fc00000,0x000000fd1fd00000) (1024K)]
  0x000002d1ff3c8a40 JavaThread "Thread-4"                   daemon [_thread_in_native, id=5068, stack(0x000000fd1fd00000,0x000000fd1fe00000) (1024K)]
  0x000002d1ff3c7690 JavaThread "Thread-5"                   daemon [_thread_in_native, id=12692, stack(0x000000fd1fe00000,0x000000fd1ff00000) (1024K)]
  0x000002d1ff3c7000 JavaThread "Thread-6"                   daemon [_thread_in_native, id=12504, stack(0x000000fd1ff00000,0x000000fd20000000) (1024K)]
  0x000002d1ff3c7d20 JavaThread "pool-2-thread-1"                   [_thread_blocked, id=4636, stack(0x000000fd20000000,0x000000fd20100000) (1024K)]
  0x000002d1ff3cbec0 JavaThread "WorkspaceEventsHandler"            [_thread_blocked, id=13800, stack(0x000000fd1ef00000,0x000000fd1f000000) (1024K)]
  0x000002d1ff3c9df0 JavaThread "pool-1-thread-1"                   [_thread_blocked, id=1348, stack(0x000000fd20100000,0x000000fd20200000) (1024K)]
  0x000002d1ff3cc550 JavaThread "LocalFile Deleter"          daemon [_thread_blocked, id=1776, stack(0x000000fd20200000,0x000000fd20300000) (1024K)]
  0x000002d1ff3c90d0 JavaThread "LocalFile Deleter"          daemon [_thread_blocked, id=15084, stack(0x000000fd20300000,0x000000fd20400000) (1024K)]
  0x000002d1ff3ccbe0 JavaThread "LocalFile Deleter"          daemon [_thread_blocked, id=9340, stack(0x000000fd20400000,0x000000fd20500000) (1024K)]
  0x000002d1ff3cb1a0 JavaThread "LocalFile Deleter"          daemon [_thread_blocked, id=3432, stack(0x000000fd20500000,0x000000fd20600000) (1024K)]
  0x000002d1ff3cb830 JavaThread "Compiler Source File Reader" daemon [_thread_blocked, id=12184, stack(0x000000fd20600000,0x000000fd20700000) (1024K)]
  0x000002d1ff3c9760 JavaThread "Compiler Source File Reader" daemon [_thread_blocked, id=15420, stack(0x000000fd20700000,0x000000fd20800000) (1024K)]
  0x000002d1ff3cd900 JavaThread "Compiler Processing Task"   daemon [_thread_blocked, id=14000, stack(0x000000fd20800000,0x000000fd20900000) (1024K)]
  0x000002d1ff3cdf90 JavaThread "Compiler Class File Writer" daemon [_thread_blocked, id=1356, stack(0x000000fd20900000,0x000000fd20a00000) (1024K)]
  0x000002d1ff3ce620 JavaThread "Compiler Class File Writer" daemon [_thread_blocked, id=11000, stack(0x000000fd20a00000,0x000000fd20b00000) (1024K)]
  0x000002d1d444a2c0 JavaThread "ForkJoinPool.commonPool-worker-1" daemon [_thread_blocked, id=13792, stack(0x000000fd1d600000,0x000000fd1d700000) (1024K)]
Total: 44

Other Threads:
  0x000002d1f63ab520 VMThread "VM Thread"                           [id=2244, stack(0x000000fd1db00000,0x000000fd1dc00000) (1024K)]
  0x000002d1fb5bca00 WatcherThread "VM Periodic Task Thread"        [id=14292, stack(0x000000fd1da00000,0x000000fd1db00000) (1024K)]
  0x000002d1f6309ea0 WorkerThread "GC Thread#0"                     [id=3560, stack(0x000000fd1d900000,0x000000fd1da00000) (1024K)]
  0x000002d1fca16a80 WorkerThread "GC Thread#1"                     [id=16248, stack(0x000000fd1e700000,0x000000fd1e800000) (1024K)]
  0x000002d1fcc5ecb0 WorkerThread "GC Thread#2"                     [id=968, stack(0x000000fd1e800000,0x000000fd1e900000) (1024K)]
  0x000002d1fce29b70 WorkerThread "GC Thread#3"                     [id=11484, stack(0x000000fd1e900000,0x000000fd1ea00000) (1024K)]
Total: 6

Threads with active compile tasks:
C2 CompilerThread0  61873 11644   !   4       java.nio.file.FileTreeWalker::visit (204 bytes)
C1 CompilerThread0  61873 12419       1       org.eclipse.jdt.internal.core.SourceMethodElementInfo::setArgumentNames (6 bytes)
Total: 2

VM state: not at safepoint (normal execution)

VM Mutex/Monitor currently owned by a thread: None

Heap address: 0x00000000c0000000, size: 1024 MB, Compressed Oops mode: 32-bit

CDS archive(s) mapped at: [0x000002d18f000000-0x000002d18fba0000-0x000002d18fba0000), size 12189696, SharedBaseAddress: 0x000002d18f000000, ArchiveRelocationMode: 1.
Compressed class space mapped at: 0x000002d190000000-0x000002d1d0000000, reserved size: 1073741824
Narrow klass base: 0x000002d18f000000, Narrow klass shift: 0, Narrow klass range: 0x100000000

GC Precious Log:
 CardTable entry size: 512
 CPUs: 4 total, 4 available
 Memory: 3520M
 Large Page Support: Disabled
 NUMA Support: Disabled
 Compressed Oops: Enabled (32-bit)
 Alignments: Space 512K, Generation 512K, Heap 2M
 Heap Min Capacity: 100M
 Heap Initial Capacity: 100M
 Heap Max Capacity: 1G
 Pre-touch: Disabled
 Parallel Workers: 4

Heap:
 PSYoungGen      total 16896K, used 15448K [0x00000000eab00000, 0x00000000ebe80000, 0x0000000100000000)
  eden space 13824K, 89% used [0x00000000eab00000,0x00000000eb718178,0x00000000eb880000)
  from space 3072K, 99% used [0x00000000ebb80000,0x00000000ebe7e068,0x00000000ebe80000)
  to   space 3072K, 0% used [0x00000000eb880000,0x00000000eb880000,0x00000000ebb80000)
 ParOldGen       total 201216K, used 175770K [0x00000000c0000000, 0x00000000cc480000, 0x00000000eab00000)
  object space 201216K, 87% used [0x00000000c0000000,0x00000000caba69f8,0x00000000cc480000)
 Metaspace       used 64891K, committed 66560K, reserved 1114112K
  class space    used 6638K, committed 7360K, reserved 1048576K

Card table byte_map: [0x000002d1f5ca0000,0x000002d1f5eb0000] _byte_map_base: 0x000002d1f56a0000

Marking Bits: (ParMarkBitMap*) 0x00007ff816fe31f0
 Begin Bits: [0x000002d1f94e0000, 0x000002d1fa4e0000)
 End Bits:   [0x000002d1fa4e0000, 0x000002d1fb4e0000)

Polling page: 0x000002d1f5950000

Metaspace:

Usage:
  Non-class:     56.89 MB used.
      Class:      6.48 MB used.
       Both:     63.37 MB used.

Virtual space:
  Non-class space:       64.00 MB reserved,      57.81 MB ( 90%) committed,  1 nodes.
      Class space:        1.00 GB reserved,       7.19 MB ( <1%) committed,  1 nodes.
             Both:        1.06 GB reserved,      65.00 MB (  6%) committed. 

Chunk freelists:
   Non-Class:  5.85 MB
       Class:  8.74 MB
        Both:  14.59 MB

MaxMetaspaceSize: unlimited
CompressedClassSpaceSize: 1.00 GB
Initial GC threshold: 21.00 MB
Current GC threshold: 107.62 MB
CDS: on
 - commit_granule_bytes: 65536.
 - commit_granule_words: 8192.
 - virtual_space_node_default_size: 8388608.
 - enlarge_chunks_in_place: 1.
 - use_allocation_guard: 0.


Internal statistics:

num_allocs_failed_limit: 9.
num_arena_births: 1292.
num_arena_deaths: 16.
num_vsnodes_births: 2.
num_vsnodes_deaths: 0.
num_space_committed: 1040.
num_space_uncommitted: 0.
num_chunks_returned_to_freelist: 25.
num_chunks_taken_from_freelist: 4427.
num_chunk_merges: 9.
num_chunk_splits: 2716.
num_chunks_enlarged: 1491.
num_inconsistent_stats: 0.

CodeHeap 'non-profiled nmethods': size=120000Kb used=6287Kb max_used=6734Kb free=113712Kb
 bounds [0x000002d187ad0000, 0x000002d188170000, 0x000002d18f000000]
CodeHeap 'profiled nmethods': size=120000Kb used=23007Kb max_used=25039Kb free=96993Kb
 bounds [0x000002d180000000, 0x000002d181890000, 0x000002d187530000]
CodeHeap 'non-nmethods': size=5760Kb used=1438Kb max_used=1491Kb free=4321Kb
 bounds [0x000002d187530000, 0x000002d1877a0000, 0x000002d187ad0000]
 total_blobs=11331 nmethods=10579 adapters=657
 compilation: enabled
              stopped_count=0, restarted_count=0
 full_count=0

Compilation events (20 events):
Event: 61.738 Thread 0x000002d1fb696320 nmethod 12347 0x000002d180f58910 code [0x000002d180f58aa0, 0x000002d180f58bb0]
Event: 61.738 Thread 0x000002d1fb696320 12346       1       org.eclipse.jdt.internal.core.SingleTypeRequestor::acceptType (6 bytes)
Event: 61.738 Thread 0x000002d1fb696320 nmethod 12346 0x000002d187be7990 code [0x000002d187be7b20, 0x000002d187be7c00]
Event: 61.739 Thread 0x000002d1fb696320 12349       2       org.eclipse.jdt.internal.compiler.lookup.AnnotationBinding::resolve (1 bytes)
Event: 61.739 Thread 0x000002d1fb696320 nmethod 12349 0x000002d180fe0c90 code [0x000002d180fe0e20, 0x000002d180fe0f28]
Event: 61.739 Thread 0x000002d1fb696320 12350       2       org.eclipse.jdt.internal.compiler.parser.Parser::checkBit24 (33 bytes)
Event: 61.739 Thread 0x000002d1fb696320 nmethod 12350 0x000002d1801e3510 code [0x000002d1801e3720, 0x000002d1801e3a10]
Event: 61.740 Thread 0x000002d1fb696320 12351       2       java.lang.invoke.LambdaForm$MH/0x000002d190674000::invoke (42 bytes)
Event: 61.740 Thread 0x000002d1fb696320 nmethod 12351 0x000002d1803e0c10 code [0x000002d1803e0e00, 0x000002d1803e11d8]
Event: 61.740 Thread 0x000002d1fb696320 12352       2       java.lang.invoke.LambdaForm$MH/0x000002d190674400::invoke (42 bytes)
Event: 61.741 Thread 0x000002d1fb696320 nmethod 12352 0x000002d1804eb290 code [0x000002d1804eb480, 0x000002d1804eb858]
Event: 61.741 Thread 0x000002d1fb696320 12353       2       lombok.core.AST::setChanged (6 bytes)
Event: 61.741 Thread 0x000002d1fb696320 nmethod 12353 0x000002d180fec390 code [0x000002d180fec520, 0x000002d180fec628]
Event: 61.741 Thread 0x000002d1fb696320 12354       2       lombok.eclipse.EclipseASTAdapter::visitAnnotationOnType (1 bytes)
Event: 61.741 Thread 0x000002d1fb696320 nmethod 12354 0x000002d180fffd10 code [0x000002d180fffea0, 0x000002d180ffffa8]
Event: 61.742 Thread 0x000002d1fb696320 12356       2       org.eclipse.jdt.internal.core.util.Util::getTrimmedSimpleNames (32 bytes)
Event: 61.742 Thread 0x000002d1fb696320 nmethod 12356 0x000002d180f83c90 code [0x000002d180f83e80, 0x000002d180f841e0]
Event: 61.742 Thread 0x000002d1fb696320 12355       2       org.eclipse.jdt.internal.core.PackageFragmentRoot::getPackageFragment (11 bytes)
Event: 61.742 Thread 0x000002d1fb696320 nmethod 12355 0x000002d180bbcc90 code [0x000002d180bbce40, 0x000002d180bbcfa0]
Event: 61.811 Thread 0x000002d1fb696320 12357       2       org.eclipse.jdt.internal.compiler.classfmt.FieldInfo::readConstantAttribute (456 bytes)

GC Heap History (20 events):
Event: 59.946 GC heap before
{Heap before GC invocations=189 (full 3):
 PSYoungGen      total 15872K, used 15846K [0x00000000eab00000, 0x00000000ec280000, 0x0000000100000000)
  eden space 13824K, 100% used [0x00000000eab00000,0x00000000eb880000,0x00000000eb880000)
  from space 2048K, 98% used [0x00000000eb880000,0x00000000eba79800,0x00000000eba80000)
  to   space 5120K, 0% used [0x00000000ebd80000,0x00000000ebd80000,0x00000000ec280000)
 ParOldGen       total 181248K, used 180941K [0x00000000c0000000, 0x00000000cb100000, 0x00000000eab00000)
  object space 181248K, 99% used [0x00000000c0000000,0x00000000cb0b3640,0x00000000cb100000)
 Metaspace       used 64292K, committed 65920K, reserved 1114112K
  class space    used 6596K, committed 7296K, reserved 1048576K
}
Event: 59.956 GC heap after
{Heap after GC invocations=189 (full 3):
 PSYoungGen      total 16384K, used 2134K [0x00000000eab00000, 0x00000000ec000000, 0x0000000100000000)
  eden space 13824K, 0% used [0x00000000eab00000,0x00000000eab00000,0x00000000eb880000)
  from space 2560K, 83% used [0x00000000ebd80000,0x00000000ebf95a58,0x00000000ec000000)
  to   space 3072K, 0% used [0x00000000eba00000,0x00000000eba00000,0x00000000ebd00000)
 ParOldGen       total 183296K, used 182927K [0x00000000c0000000, 0x00000000cb300000, 0x00000000eab00000)
  object space 183296K, 99% used [0x00000000c0000000,0x00000000cb2a3c30,0x00000000cb300000)
 Metaspace       used 64292K, committed 65920K, reserved 1114112K
  class space    used 6596K, committed 7296K, reserved 1048576K
}
Event: 60.069 GC heap before
{Heap before GC invocations=190 (full 3):
 PSYoungGen      total 16384K, used 15958K [0x00000000eab00000, 0x00000000ec000000, 0x0000000100000000)
  eden space 13824K, 100% used [0x00000000eab00000,0x00000000eb880000,0x00000000eb880000)
  from space 2560K, 83% used [0x00000000ebd80000,0x00000000ebf95a58,0x00000000ec000000)
  to   space 3072K, 0% used [0x00000000eba00000,0x00000000eba00000,0x00000000ebd00000)
 ParOldGen       total 183296K, used 182927K [0x00000000c0000000, 0x00000000cb300000, 0x00000000eab00000)
  object space 183296K, 99% used [0x00000000c0000000,0x00000000cb2a3c30,0x00000000cb300000)
 Metaspace       used 64292K, committed 65920K, reserved 1114112K
  class space    used 6596K, committed 7296K, reserved 1048576K
}
Event: 60.076 GC heap after
{Heap after GC invocations=190 (full 3):
 PSYoungGen      total 15360K, used 1503K [0x00000000eab00000, 0x00000000ebe00000, 0x0000000100000000)
  eden space 13824K, 0% used [0x00000000eab00000,0x00000000eab00000,0x00000000eb880000)
  from space 1536K, 97% used [0x00000000eba00000,0x00000000ebb77f00,0x00000000ebb80000)
  to   space 2048K, 0% used [0x00000000ebc00000,0x00000000ebc00000,0x00000000ebe00000)
 ParOldGen       total 185344K, used 184912K [0x00000000c0000000, 0x00000000cb500000, 0x00000000eab00000)
  object space 185344K, 99% used [0x00000000c0000000,0x00000000cb494098,0x00000000cb500000)
 Metaspace       used 64292K, committed 65920K, reserved 1114112K
  class space    used 6596K, committed 7296K, reserved 1048576K
}
Event: 60.178 GC heap before
{Heap before GC invocations=191 (full 3):
 PSYoungGen      total 15360K, used 15327K [0x00000000eab00000, 0x00000000ebe00000, 0x0000000100000000)
  eden space 13824K, 100% used [0x00000000eab00000,0x00000000eb880000,0x00000000eb880000)
  from space 1536K, 97% used [0x00000000eba00000,0x00000000ebb77f00,0x00000000ebb80000)
  to   space 2048K, 0% used [0x00000000ebc00000,0x00000000ebc00000,0x00000000ebe00000)
 ParOldGen       total 185344K, used 184912K [0x00000000c0000000, 0x00000000cb500000, 0x00000000eab00000)
  object space 185344K, 99% used [0x00000000c0000000,0x00000000cb494098,0x00000000cb500000)
 Metaspace       used 64331K, committed 65920K, reserved 1114112K
  class space    used 6607K, committed 7296K, reserved 1048576K
}
Event: 60.185 GC heap after
{Heap after GC invocations=191 (full 3):
 PSYoungGen      total 15872K, used 1588K [0x00000000eab00000, 0x00000000ebe00000, 0x0000000100000000)
  eden space 13824K, 0% used [0x00000000eab00000,0x00000000eab00000,0x00000000eb880000)
  from space 2048K, 77% used [0x00000000ebc00000,0x00000000ebd8d3f0,0x00000000ebe00000)
  to   space 2048K, 0% used [0x00000000eba00000,0x00000000eba00000,0x00000000ebc00000)
 ParOldGen       total 186880K, used 186387K [0x00000000c0000000, 0x00000000cb680000, 0x00000000eab00000)
  object space 186880K, 99% used [0x00000000c0000000,0x00000000cb604d70,0x00000000cb680000)
 Metaspace       used 64331K, committed 65920K, reserved 1114112K
  class space    used 6607K, committed 7296K, reserved 1048576K
}
Event: 60.286 GC heap before
{Heap before GC invocations=192 (full 3):
 PSYoungGen      total 15872K, used 15412K [0x00000000eab00000, 0x00000000ebe00000, 0x0000000100000000)
  eden space 13824K, 100% used [0x00000000eab00000,0x00000000eb880000,0x00000000eb880000)
  from space 2048K, 77% used [0x00000000ebc00000,0x00000000ebd8d3f0,0x00000000ebe00000)
  to   space 2048K, 0% used [0x00000000eba00000,0x00000000eba00000,0x00000000ebc00000)
 ParOldGen       total 186880K, used 186387K [0x00000000c0000000, 0x00000000cb680000, 0x00000000eab00000)
  object space 186880K, 99% used [0x00000000c0000000,0x00000000cb604d70,0x00000000cb680000)
 Metaspace       used 64475K, committed 66048K, reserved 1114112K
  class space    used 6619K, committed 7296K, reserved 1048576K
}
Event: 60.292 GC heap after
{Heap after GC invocations=192 (full 3):
 PSYoungGen      total 15872K, used 2040K [0x00000000eab00000, 0x00000000ec280000, 0x0000000100000000)
  eden space 13824K, 0% used [0x00000000eab00000,0x00000000eab00000,0x00000000eb880000)
  from space 2048K, 99% used [0x00000000eba00000,0x00000000ebbfe2e8,0x00000000ebc00000)
  to   space 5120K, 0% used [0x00000000ebd80000,0x00000000ebd80000,0x00000000ec280000)
 ParOldGen       total 188928K, used 188808K [0x00000000c0000000, 0x00000000cb880000, 0x00000000eab00000)
  object space 188928K, 99% used [0x00000000c0000000,0x00000000cb862100,0x00000000cb880000)
 Metaspace       used 64475K, committed 66048K, reserved 1114112K
  class space    used 6619K, committed 7296K, reserved 1048576K
}
Event: 60.407 GC heap before
{Heap before GC invocations=193 (full 3):
 PSYoungGen      total 15872K, used 15864K [0x00000000eab00000, 0x00000000ec280000, 0x0000000100000000)
  eden space 13824K, 100% used [0x00000000eab00000,0x00000000eb880000,0x00000000eb880000)
  from space 2048K, 99% used [0x00000000eba00000,0x00000000ebbfe2e8,0x00000000ebc00000)
  to   space 5120K, 0% used [0x00000000ebd80000,0x00000000ebd80000,0x00000000ec280000)
 ParOldGen       total 188928K, used 188808K [0x00000000c0000000, 0x00000000cb880000, 0x00000000eab00000)
  object space 188928K, 99% used [0x00000000c0000000,0x00000000cb862100,0x00000000cb880000)
 Metaspace       used 64560K, committed 66112K, reserved 1114112K
  class space    used 6626K, committed 7296K, reserved 1048576K
}
Event: 60.486 GC heap after
{Heap after GC invocations=193 (full 3):
 PSYoungGen      total 15872K, used 15864K [0x00000000eab00000, 0x00000000ec280000, 0x0000000100000000)
  eden space 13824K, 100% used [0x00000000eab00000,0x00000000eb880000,0x00000000eb880000)
  from space 2048K, 99% used [0x00000000eba00000,0x00000000ebbfe2e8,0x00000000ebc00000)
  to   space 5120K, 58% used [0x00000000ebd80000,0x00000000ec06bad8,0x00000000ec280000)
 ParOldGen       total 190464K, used 190459K [0x00000000c0000000, 0x00000000cba00000, 0x00000000eab00000)
  object space 190464K, 99% used [0x00000000c0000000,0x00000000cb9feda8,0x00000000cba00000)
 Metaspace       used 64560K, committed 66112K, reserved 1114112K
  class space    used 6626K, committed 7296K, reserved 1048576K
}
Event: 60.486 GC heap before
{Heap before GC invocations=194 (full 4):
 PSYoungGen      total 15872K, used 15864K [0x00000000eab00000, 0x00000000ec280000, 0x0000000100000000)
  eden space 13824K, 100% used [0x00000000eab00000,0x00000000eb880000,0x00000000eb880000)
  from space 2048K, 99% used [0x00000000eba00000,0x00000000ebbfe2e8,0x00000000ebc00000)
  to   space 5120K, 58% used [0x00000000ebd80000,0x00000000ec06bad8,0x00000000ec280000)
 ParOldGen       total 190464K, used 190459K [0x00000000c0000000, 0x00000000cba00000, 0x00000000eab00000)
  object space 190464K, 99% used [0x00000000c0000000,0x00000000cb9feda8,0x00000000cba00000)
 Metaspace       used 64560K, committed 66112K, reserved 1114112K
  class space    used 6626K, committed 7296K, reserved 1048576K
}
Event: 61.382 GC heap after
{Heap after GC invocations=194 (full 4):
 PSYoungGen      total 18944K, used 0K [0x00000000eab00000, 0x00000000ec500000, 0x0000000100000000)
  eden space 13824K, 0% used [0x00000000eab00000,0x00000000eab00000,0x00000000eb880000)
  from space 5120K, 0% used [0x00000000ebd80000,0x00000000ebd80000,0x00000000ec280000)
  to   space 5120K, 0% used [0x00000000eb880000,0x00000000eb880000,0x00000000ebd80000)
 ParOldGen       total 201216K, used 167560K [0x00000000c0000000, 0x00000000cc480000, 0x00000000eab00000)
  object space 201216K, 83% used [0x00000000c0000000,0x00000000ca3a22c0,0x00000000cc480000)
 Metaspace       used 64558K, committed 66112K, reserved 1114112K
  class space    used 6625K, committed 7296K, reserved 1048576K
}
Event: 61.451 GC heap before
{Heap before GC invocations=195 (full 4):
 PSYoungGen      total 18944K, used 13824K [0x00000000eab00000, 0x00000000ec500000, 0x0000000100000000)
  eden space 13824K, 100% used [0x00000000eab00000,0x00000000eb880000,0x00000000eb880000)
  from space 5120K, 0% used [0x00000000ebd80000,0x00000000ebd80000,0x00000000ec280000)
  to   space 5120K, 0% used [0x00000000eb880000,0x00000000eb880000,0x00000000ebd80000)
 ParOldGen       total 201216K, used 167560K [0x00000000c0000000, 0x00000000cc480000, 0x00000000eab00000)
  object space 201216K, 83% used [0x00000000c0000000,0x00000000ca3a22c0,0x00000000cc480000)
 Metaspace       used 64588K, committed 66240K, reserved 1114112K
  class space    used 6631K, committed 7360K, reserved 1048576K
}
Event: 61.455 GC heap after
{Heap after GC invocations=195 (full 4):
 PSYoungGen      total 16896K, used 2720K [0x00000000eab00000, 0x00000000ebf80000, 0x0000000100000000)
  eden space 13824K, 0% used [0x00000000eab00000,0x00000000eab00000,0x00000000eb880000)
  from space 3072K, 88% used [0x00000000eb880000,0x00000000ebb28328,0x00000000ebb80000)
  to   space 3584K, 0% used [0x00000000ebc00000,0x00000000ebc00000,0x00000000ebf80000)
 ParOldGen       total 201216K, used 167568K [0x00000000c0000000, 0x00000000cc480000, 0x00000000eab00000)
  object space 201216K, 83% used [0x00000000c0000000,0x00000000ca3a42c0,0x00000000cc480000)
 Metaspace       used 64588K, committed 66240K, reserved 1114112K
  class space    used 6631K, committed 7360K, reserved 1048576K
}
Event: 61.546 GC heap before
{Heap before GC invocations=196 (full 4):
 PSYoungGen      total 16896K, used 16544K [0x00000000eab00000, 0x00000000ebf80000, 0x0000000100000000)
  eden space 13824K, 100% used [0x00000000eab00000,0x00000000eb880000,0x00000000eb880000)
  from space 3072K, 88% used [0x00000000eb880000,0x00000000ebb28328,0x00000000ebb80000)
  to   space 3584K, 0% used [0x00000000ebc00000,0x00000000ebc00000,0x00000000ebf80000)
 ParOldGen       total 201216K, used 167568K [0x00000000c0000000, 0x00000000cc480000, 0x00000000eab00000)
  object space 201216K, 83% used [0x00000000c0000000,0x00000000ca3a42c0,0x00000000cc480000)
 Metaspace       used 64653K, committed 66304K, reserved 1114112K
  class space    used 6632K, committed 7360K, reserved 1048576K
}
Event: 61.554 GC heap after
{Heap after GC invocations=196 (full 4):
 PSYoungGen      total 16896K, used 2969K [0x00000000eab00000, 0x00000000ebf00000, 0x0000000100000000)
  eden space 13824K, 0% used [0x00000000eab00000,0x00000000eab00000,0x00000000eb880000)
  from space 3072K, 96% used [0x00000000ebc00000,0x00000000ebee6558,0x00000000ebf00000)
  to   space 3072K, 0% used [0x00000000eb880000,0x00000000eb880000,0x00000000ebb80000)
 ParOldGen       total 201216K, used 170003K [0x00000000c0000000, 0x00000000cc480000, 0x00000000eab00000)
  object space 201216K, 84% used [0x00000000c0000000,0x00000000ca604d18,0x00000000cc480000)
 Metaspace       used 64653K, committed 66304K, reserved 1114112K
  class space    used 6632K, committed 7360K, reserved 1048576K
}
Event: 61.641 GC heap before
{Heap before GC invocations=197 (full 4):
 PSYoungGen      total 16896K, used 16793K [0x00000000eab00000, 0x00000000ebf00000, 0x0000000100000000)
  eden space 13824K, 100% used [0x00000000eab00000,0x00000000eb880000,0x00000000eb880000)
  from space 3072K, 96% used [0x00000000ebc00000,0x00000000ebee6558,0x00000000ebf00000)
  to   space 3072K, 0% used [0x00000000eb880000,0x00000000eb880000,0x00000000ebb80000)
 ParOldGen       total 201216K, used 170003K [0x00000000c0000000, 0x00000000cc480000, 0x00000000eab00000)
  object space 201216K, 84% used [0x00000000c0000000,0x00000000ca604d18,0x00000000cc480000)
 Metaspace       used 64722K, committed 66368K, reserved 1114112K
  class space    used 6634K, committed 7360K, reserved 1048576K
}
Event: 61.649 GC heap after
{Heap after GC invocations=197 (full 4):
 PSYoungGen      total 16896K, used 3014K [0x00000000eab00000, 0x00000000ebe80000, 0x0000000100000000)
  eden space 13824K, 0% used [0x00000000eab00000,0x00000000eab00000,0x00000000eb880000)
  from space 3072K, 98% used [0x00000000eb880000,0x00000000ebb71aa8,0x00000000ebb80000)
  to   space 3072K, 0% used [0x00000000ebb80000,0x00000000ebb80000,0x00000000ebe80000)
 ParOldGen       total 201216K, used 172899K [0x00000000c0000000, 0x00000000cc480000, 0x00000000eab00000)
  object space 201216K, 85% used [0x00000000c0000000,0x00000000ca8d8d48,0x00000000cc480000)
 Metaspace       used 64722K, committed 66368K, reserved 1114112K
  class space    used 6634K, committed 7360K, reserved 1048576K
}
Event: 61.746 GC heap before
{Heap before GC invocations=198 (full 4):
 PSYoungGen      total 16896K, used 16838K [0x00000000eab00000, 0x00000000ebe80000, 0x0000000100000000)
  eden space 13824K, 100% used [0x00000000eab00000,0x00000000eb880000,0x00000000eb880000)
  from space 3072K, 98% used [0x00000000eb880000,0x00000000ebb71aa8,0x00000000ebb80000)
  to   space 3072K, 0% used [0x00000000ebb80000,0x00000000ebb80000,0x00000000ebe80000)
 ParOldGen       total 201216K, used 172899K [0x00000000c0000000, 0x00000000cc480000, 0x00000000eab00000)
  object space 201216K, 85% used [0x00000000c0000000,0x00000000ca8d8d48,0x00000000cc480000)
 Metaspace       used 64835K, committed 66496K, reserved 1114112K
  class space    used 6638K, committed 7360K, reserved 1048576K
}
Event: 61.809 GC heap after
{Heap after GC invocations=198 (full 4):
 PSYoungGen      total 16896K, used 3064K [0x00000000eab00000, 0x00000000ebe80000, 0x0000000100000000)
  eden space 13824K, 0% used [0x00000000eab00000,0x00000000eab00000,0x00000000eb880000)
  from space 3072K, 99% used [0x00000000ebb80000,0x00000000ebe7e068,0x00000000ebe80000)
  to   space 3072K, 0% used [0x00000000eb880000,0x00000000eb880000,0x00000000ebb80000)
 ParOldGen       total 201216K, used 175770K [0x00000000c0000000, 0x00000000cc480000, 0x00000000eab00000)
  object space 201216K, 87% used [0x00000000c0000000,0x00000000caba69f8,0x00000000cc480000)
 Metaspace       used 64835K, committed 66496K, reserved 1114112K
  class space    used 6638K, committed 7360K, reserved 1048576K
}

Dll operation events (10 events):
Event: 0.035 Loaded shared library c:\Users\danie\.vscode\extensions\redhat.java-1.42.0-win32-x64\jre\21.0.7-win32-x86_64\bin\java.dll
Event: 0.697 Loaded shared library c:\Users\danie\.vscode\extensions\redhat.java-1.42.0-win32-x64\jre\21.0.7-win32-x86_64\bin\zip.dll
Event: 1.603 Loaded shared library C:\Users\danie\.vscode\extensions\redhat.java-1.42.0-win32-x64\jre\21.0.7-win32-x86_64\bin\instrument.dll
Event: 1.645 Loaded shared library C:\Users\danie\.vscode\extensions\redhat.java-1.42.0-win32-x64\jre\21.0.7-win32-x86_64\bin\net.dll
Event: 1.653 Loaded shared library C:\Users\danie\.vscode\extensions\redhat.java-1.42.0-win32-x64\jre\21.0.7-win32-x86_64\bin\nio.dll
Event: 1.660 Loaded shared library C:\Users\danie\.vscode\extensions\redhat.java-1.42.0-win32-x64\jre\21.0.7-win32-x86_64\bin\zip.dll
Event: 1.743 Loaded shared library C:\Users\danie\.vscode\extensions\redhat.java-1.42.0-win32-x64\jre\21.0.7-win32-x86_64\bin\jimage.dll
Event: 2.770 Loaded shared library c:\Users\danie\.vscode\extensions\redhat.java-1.42.0-win32-x64\jre\21.0.7-win32-x86_64\bin\verify.dll
Event: 6.364 Loaded shared library C:\Users\danie\AppData\Roaming\Code\User\globalStorage\redhat.java\1.42.0\config_win\org.eclipse.equinox.launcher\org.eclipse.equinox.launcher.win32.win32.x86_64_1.2.1300.v20250331-1702\eclipse_11911.dll
Event: 12.330 Loaded shared library C:\Users\danie\AppData\Local\Temp\jna-95350893\jna15065993305531723524.dll

Deoptimization events (20 events):
Event: 61.544 Thread 0x000002d1fd64ad00 DEOPT PACKING pc=0x000002d180c9f39a sp=0x000000fd1f5feba0
Event: 61.544 Thread 0x000002d1fd64ad00 DEOPT UNPACKING pc=0x000002d187584242 sp=0x000000fd1f5fe128 mode 0
Event: 61.572 Thread 0x000002d1fd64ba20 DEOPT PACKING pc=0x000002d180c9f39a sp=0x000000fd1fafdc60
Event: 61.572 Thread 0x000002d1fd64ba20 DEOPT UNPACKING pc=0x000002d187584242 sp=0x000000fd1fafd208 mode 0
Event: 61.580 Thread 0x000002d1fd64ad00 DEOPT PACKING pc=0x000002d180c9f39a sp=0x000000fd1f5feba0
Event: 61.580 Thread 0x000002d1fd64ad00 DEOPT UNPACKING pc=0x000002d187584242 sp=0x000000fd1f5fe128 mode 0
Event: 61.590 Thread 0x000002d1fd64ba20 DEOPT PACKING pc=0x000002d180c9f39a sp=0x000000fd1fafe2b0
Event: 61.591 Thread 0x000002d1fd64ba20 DEOPT UNPACKING pc=0x000002d187584242 sp=0x000000fd1fafd838 mode 0
Event: 61.613 Thread 0x000002d1fd64ad00 DEOPT PACKING pc=0x000002d180c9f39a sp=0x000000fd1f5feba0
Event: 61.613 Thread 0x000002d1fd64ad00 DEOPT UNPACKING pc=0x000002d187584242 sp=0x000000fd1f5fe128 mode 0
Event: 61.630 Thread 0x000002d1fd64ad00 DEOPT PACKING pc=0x000002d180c9f39a sp=0x000000fd1f5feba0
Event: 61.630 Thread 0x000002d1fd64ad00 DEOPT UNPACKING pc=0x000002d187584242 sp=0x000000fd1f5fe128 mode 0
Event: 61.664 Thread 0x000002d1fd64ad00 DEOPT PACKING pc=0x000002d180c9f39a sp=0x000000fd1f5feba0
Event: 61.664 Thread 0x000002d1fd64ad00 DEOPT UNPACKING pc=0x000002d187584242 sp=0x000000fd1f5fe128 mode 0
Event: 61.690 Thread 0x000002d1fd64ad00 DEOPT PACKING pc=0x000002d180c9f39a sp=0x000000fd1f5feba0
Event: 61.690 Thread 0x000002d1fd64ad00 DEOPT UNPACKING pc=0x000002d187584242 sp=0x000000fd1f5fe128 mode 0
Event: 61.698 Thread 0x000002d1fd64ad00 DEOPT PACKING pc=0x000002d180c9f39a sp=0x000000fd1f5feba0
Event: 61.698 Thread 0x000002d1fd64ad00 DEOPT UNPACKING pc=0x000002d187584242 sp=0x000000fd1f5fe128 mode 0
Event: 61.724 Thread 0x000002d1fd64ad00 DEOPT PACKING pc=0x000002d180c9f39a sp=0x000000fd1f5feba0
Event: 61.724 Thread 0x000002d1fd64ad00 DEOPT UNPACKING pc=0x000002d187584242 sp=0x000000fd1f5fe128 mode 0

Classes loaded (20 events):
Event: 55.254 Loading class java/util/Collections$SynchronizedRandomAccessList
Event: 55.254 Loading class java/util/Collections$SynchronizedList
Event: 55.255 Loading class java/util/Collections$SynchronizedList done
Event: 55.255 Loading class java/util/Collections$SynchronizedRandomAccessList done
Event: 55.352 Loading class java/util/concurrent/CompletableFuture$Signaller
Event: 55.353 Loading class java/util/concurrent/CompletableFuture$Signaller done
Event: 55.681 Loading class java/nio/charset/CharacterCodingException
Event: 55.682 Loading class java/nio/charset/CharacterCodingException done
Event: 55.682 Loading class java/io/SequenceInputStream
Event: 55.683 Loading class java/io/SequenceInputStream done
Event: 56.418 Loading class java/util/stream/ReferencePipeline$4
Event: 56.444 Loading class java/util/stream/ReferencePipeline$4 done
Event: 56.445 Loading class java/util/stream/Nodes$IntFixedNodeBuilder
Event: 56.462 Loading class java/util/stream/Node$Builder$OfInt
Event: 56.463 Loading class java/util/stream/Node$Builder$OfInt done
Event: 56.463 Loading class java/util/stream/Nodes$IntArrayNode
Event: 56.464 Loading class java/util/stream/Nodes$IntArrayNode done
Event: 56.464 Loading class java/util/stream/Nodes$IntFixedNodeBuilder done
Event: 56.465 Loading class java/util/stream/ReferencePipeline$4$1
Event: 56.465 Loading class java/util/stream/ReferencePipeline$4$1 done

Classes unloaded (8 events):
Event: 13.961 Thread 0x000002d1f63ab520 Unloading class 0x000002d1901a5400 'java/lang/invoke/LambdaForm$MH+0x000002d1901a5400'
Event: 13.961 Thread 0x000002d1f63ab520 Unloading class 0x000002d1901a5000 'java/lang/invoke/LambdaForm$MH+0x000002d1901a5000'
Event: 13.961 Thread 0x000002d1f63ab520 Unloading class 0x000002d1901a4c00 'java/lang/invoke/LambdaForm$MH+0x000002d1901a4c00'
Event: 13.961 Thread 0x000002d1f63ab520 Unloading class 0x000002d1901a4800 'java/lang/invoke/LambdaForm$MH+0x000002d1901a4800'
Event: 13.961 Thread 0x000002d1f63ab520 Unloading class 0x000002d1901a4400 'java/lang/invoke/LambdaForm$BMH+0x000002d1901a4400'
Event: 13.961 Thread 0x000002d1f63ab520 Unloading class 0x000002d1901a4000 'java/lang/invoke/LambdaForm$DMH+0x000002d1901a4000'
Event: 13.961 Thread 0x000002d1f63ab520 Unloading class 0x000002d1901a2c00 'java/lang/invoke/LambdaForm$DMH+0x000002d1901a2c00'
Event: 60.616 Thread 0x000002d1f63ab520 Unloading class 0x000002d1906c4800 'java/lang/invoke/LambdaForm$DMH+0x000002d1906c4800'

Classes redefined (0 events):
No events

Internal exceptions (20 events):
Event: 54.703 Thread 0x000002d1fd649fe0 Exception <a 'sun/nio/fs/WindowsException'{0x00000000eb5617c0}> (0x00000000eb5617c0) 
thrown [s\src\hotspot\share\prims\jni.cpp, line 520]
Event: 54.703 Thread 0x000002d1fd649fe0 Exception <a 'sun/nio/fs/WindowsException'{0x00000000eb561de8}> (0x00000000eb561de8) 
thrown [s\src\hotspot\share\prims\jni.cpp, line 520]
Event: 54.712 Thread 0x000002d1fd649fe0 Exception <a 'sun/nio/fs/WindowsException'{0x00000000eb565260}> (0x00000000eb565260) 
thrown [s\src\hotspot\share\prims\jni.cpp, line 520]
Event: 54.712 Thread 0x000002d1fd649fe0 Exception <a 'sun/nio/fs/WindowsException'{0x00000000eb565888}> (0x00000000eb565888) 
thrown [s\src\hotspot\share\prims\jni.cpp, line 520]
Event: 54.713 Thread 0x000002d1fd649fe0 Exception <a 'sun/nio/fs/WindowsException'{0x00000000eb565eb8}> (0x00000000eb565eb8) 
thrown [s\src\hotspot\share\prims\jni.cpp, line 520]
Event: 54.713 Thread 0x000002d1fd649fe0 Exception <a 'sun/nio/fs/WindowsException'{0x00000000eb5664f8}> (0x00000000eb5664f8) 
thrown [s\src\hotspot\share\prims\jni.cpp, line 520]
Event: 54.715 Thread 0x000002d1fd649fe0 Exception <a 'sun/nio/fs/WindowsException'{0x00000000eb569bb0}> (0x00000000eb569bb0) 
thrown [s\src\hotspot\share\prims\jni.cpp, line 520]
Event: 54.715 Thread 0x000002d1fd649fe0 Exception <a 'sun/nio/fs/WindowsException'{0x00000000eb56a208}> (0x00000000eb56a208) 
thrown [s\src\hotspot\share\prims\jni.cpp, line 520]
Event: 54.715 Thread 0x000002d1fd649fe0 Exception <a 'sun/nio/fs/WindowsException'{0x00000000eb56a868}> (0x00000000eb56a868) 
thrown [s\src\hotspot\share\prims\jni.cpp, line 520]
Event: 54.715 Thread 0x000002d1fd649fe0 Exception <a 'sun/nio/fs/WindowsException'{0x00000000eb56aed8}> (0x00000000eb56aed8) 
thrown [s\src\hotspot\share\prims\jni.cpp, line 520]
Event: 55.717 Thread 0x000002d1ff3c9df0 Exception <a 'java/io/FileNotFoundException'{0x00000000eaef6390}> (0x00000000eaef6390) 
thrown [s\src\hotspot\share\prims\jni.cpp, line 520]
Event: 55.717 Thread 0x000002d1ff3c9df0 Exception <a 'java/io/FileNotFoundException'{0x00000000eaef73e0}> (0x00000000eaef73e0) 
thrown [s\src\hotspot\share\prims\jni.cpp, line 520]
Event: 55.834 Thread 0x000002d1ff3c9df0 Exception <a 'sun/nio/fs/WindowsException'{0x00000000eb21e578}> (0x00000000eb21e578) 
thrown [s\src\hotspot\share\prims\jni.cpp, line 520]
Event: 55.834 Thread 0x000002d1ff3c9df0 Exception <a 'sun/nio/fs/WindowsException'{0x00000000eb21edf8}> (0x00000000eb21edf8) 
thrown [s\src\hotspot\share\prims\jni.cpp, line 520]
Event: 55.835 Thread 0x000002d1ff3c9df0 Exception <a 'sun/nio/fs/WindowsException'{0x00000000eb221ea0}> (0x00000000eb221ea0) 
thrown [s\src\hotspot\share\prims\jni.cpp, line 520]
Event: 55.836 Thread 0x000002d1ff3c9df0 Exception <a 'sun/nio/fs/WindowsException'{0x00000000eb2224d0}> (0x00000000eb2224d0) 
thrown [s\src\hotspot\share\prims\jni.cpp, line 520]
Event: 55.837 Thread 0x000002d1ff3c9df0 Exception <a 'java/lang/IncompatibleClassChangeError'{0x00000000eb267aa0}: Found class java.lang.Object, but interface was expected> (0x00000000eb267aa0) 
thrown [s\src\hotspot\share\interpreter\linkResolver.cpp, line 840]
Event: 56.488 Thread 0x000002d1fd64ba20 Exception <a 'java/lang/NoSuchMethodError'{0x00000000eab2c7b8}: 'java.lang.Object java.lang.invoke.DirectMethodHandle$Holder.invokeSpecial(java.lang.Object, java.lang.Object, int, long)'> (0x00000000eab2c7b8) 
thrown [s\src\hotspot\share\interpreter\linkResolver.cpp, line 773]
Event: 57.760 Thread 0x000002d1fd64ba20 Implicit null exception at 0x000002d187b9d2a6 to 0x000002d187b9d874
Event: 61.495 Thread 0x000002d1fd64ba20 Implicit null exception at 0x000002d187f36854 to 0x000002d187f368a4

ZGC Phase Switch (0 events):
No events

VM Operations (20 events):
Event: 60.178 Executing VM operation: ParallelGCFailedAllocation (Allocation Failure)
Event: 60.185 Executing VM operation: ParallelGCFailedAllocation (Allocation Failure) done
Event: 60.222 Executing VM operation: HandshakeAllThreads (Deoptimize)
Event: 60.226 Executing VM operation: HandshakeAllThreads (Deoptimize) done
Event: 60.234 Executing VM operation: HandshakeAllThreads (HandshakeForDeflation)
Event: 60.242 Executing VM operation: HandshakeAllThreads (HandshakeForDeflation) done
Event: 60.246 Executing VM operation: RendezvousGCThreads
Event: 60.246 Executing VM operation: RendezvousGCThreads done
Event: 60.286 Executing VM operation: ParallelGCFailedAllocation (Allocation Failure)
Event: 60.292 Executing VM operation: ParallelGCFailedAllocation (Allocation Failure) done
Event: 60.407 Executing VM operation: ParallelGCFailedAllocation (Allocation Failure)
Event: 61.382 Executing VM operation: ParallelGCFailedAllocation (Allocation Failure) done
Event: 61.451 Executing VM operation: ParallelGCFailedAllocation (Allocation Failure)
Event: 61.455 Executing VM operation: ParallelGCFailedAllocation (Allocation Failure) done
Event: 61.545 Executing VM operation: ParallelGCFailedAllocation (Allocation Failure)
Event: 61.554 Executing VM operation: ParallelGCFailedAllocation (Allocation Failure) done
Event: 61.640 Executing VM operation: ParallelGCFailedAllocation (Allocation Failure)
Event: 61.649 Executing VM operation: ParallelGCFailedAllocation (Allocation Failure) done
Event: 61.746 Executing VM operation: ParallelGCFailedAllocation (Allocation Failure)
Event: 61.809 Executing VM operation: ParallelGCFailedAllocation (Allocation Failure) done

Memory protections (0 events):
No events

Nmethod flushes (20 events):
Event: 60.830 Thread 0x000002d1f63ab520 flushing  nmethod 0x000002d18117da90
Event: 60.830 Thread 0x000002d1f63ab520 flushing  nmethod 0x000002d18117e790
Event: 60.830 Thread 0x000002d1f63ab520 flushing  nmethod 0x000002d181183310
Event: 60.830 Thread 0x000002d1f63ab520 flushing  nmethod 0x000002d181183890
Event: 60.830 Thread 0x000002d1f63ab520 flushing  nmethod 0x000002d181184f90
Event: 60.830 Thread 0x000002d1f63ab520 flushing  nmethod 0x000002d181185f10
Event: 60.830 Thread 0x000002d1f63ab520 flushing  nmethod 0x000002d181188010
Event: 60.830 Thread 0x000002d1f63ab520 flushing  nmethod 0x000002d181194c10
Event: 60.830 Thread 0x000002d1f63ab520 flushing  nmethod 0x000002d1811b8d10
Event: 60.830 Thread 0x000002d1f63ab520 flushing  nmethod 0x000002d1811daa90
Event: 60.830 Thread 0x000002d1f63ab520 flushing  nmethod 0x000002d1811fb210
Event: 60.830 Thread 0x000002d1f63ab520 flushing  nmethod 0x000002d1811fb990
Event: 60.830 Thread 0x000002d1f63ab520 flushing  nmethod 0x000002d181208390
Event: 60.830 Thread 0x000002d1f63ab520 flushing  nmethod 0x000002d18123c490
Event: 60.830 Thread 0x000002d1f63ab520 flushing  nmethod 0x000002d18124df10
Event: 60.830 Thread 0x000002d1f63ab520 flushing  nmethod 0x000002d18125de10
Event: 60.830 Thread 0x000002d1f63ab520 flushing  nmethod 0x000002d18127a590
Event: 60.830 Thread 0x000002d1f63ab520 flushing  nmethod 0x000002d1812b3390
Event: 60.830 Thread 0x000002d1f63ab520 flushing  nmethod 0x000002d1812b6d90
Event: 60.830 Thread 0x000002d1f63ab520 flushing  nmethod 0x000002d1812d5010

Events (20 events):
Event: 50.681 Thread 0x000002d1fd649fe0 Thread added: 0x000002d1d444afe0
Event: 50.681 Thread 0x000002d1fd649fe0 Thread added: 0x000002d1d444bd00
Event: 50.682 Thread 0x000002d1fd649fe0 Thread added: 0x000002d1d444d740
Event: 50.682 Thread 0x000002d1fd649fe0 Thread added: 0x000002d1d444a2c0
Event: 51.413 Thread 0x000002d1d4449c30 Thread exited: 0x000002d1d4449c30
Event: 51.413 Thread 0x000002d1d444bd00 Thread exited: 0x000002d1d444bd00
Event: 51.413 Thread 0x000002d1d444a2c0 Thread exited: 0x000002d1d444a2c0
Event: 51.413 Thread 0x000002d1d444afe0 Thread exited: 0x000002d1d444afe0
Event: 51.414 Thread 0x000002d1d444d740 Thread exited: 0x000002d1d444d740
Event: 52.093 Thread 0x000002d1fd649fe0 Thread added: 0x000002d1d4449c30
Event: 52.094 Thread 0x000002d1fd649fe0 Thread added: 0x000002d1d444b670
Event: 52.095 Thread 0x000002d1fd649fe0 Thread added: 0x000002d1d444d740
Event: 52.096 Thread 0x000002d1fd649fe0 Thread added: 0x000002d1d444a2c0
Event: 52.097 Thread 0x000002d1fd649fe0 Thread added: 0x000002d1d444e460
Event: 52.245 Thread 0x000002d1d444a2c0 Thread exited: 0x000002d1d444a2c0
Event: 52.245 Thread 0x000002d1d444d740 Thread exited: 0x000002d1d444d740
Event: 52.245 Thread 0x000002d1d444b670 Thread exited: 0x000002d1d444b670
Event: 52.245 Thread 0x000002d1d444e460 Thread exited: 0x000002d1d444e460
Event: 52.246 Thread 0x000002d1d4449c30 Thread exited: 0x000002d1d4449c30
Event: 60.302 Thread 0x000002d1fd64ba20 Thread added: 0x000002d1d444a2c0


Dynamic libraries:
0x00007ff7d2920000 - 0x00007ff7d292e000 	c:\Users\danie\.vscode\extensions\redhat.java-1.42.0-win32-x64\jre\21.0.7-win32-x86_64\bin\java.exe
0x00007ff8abc20000 - 0x00007ff8abe83000 	C:\WINDOWS\SYSTEM32\ntdll.dll
0x00007ff8aad80000 - 0x00007ff8aae47000 	C:\WINDOWS\System32\KERNEL32.DLL
0x00007ff8a94a0000 - 0x00007ff8a9850000 	C:\WINDOWS\System32\KERNELBASE.dll
0x00007ff8a9950000 - 0x00007ff8a9a9b000 	C:\WINDOWS\System32\ucrtbase.dll
0x00007ff8a0810000 - 0x00007ff8a0828000 	c:\Users\danie\.vscode\extensions\redhat.java-1.42.0-win32-x64\jre\21.0.7-win32-x86_64\bin\jli.dll
0x00007ff8aae50000 - 0x00007ff8ab013000 	C:\WINDOWS\System32\USER32.dll
0x00007ff8a9860000 - 0x00007ff8a9887000 	C:\WINDOWS\System32\win32u.dll
0x00007ff8aa9f0000 - 0x00007ff8aaa1a000 	C:\WINDOWS\System32\GDI32.dll
0x00007ff8a9370000 - 0x00007ff8a9493000 	C:\WINDOWS\System32\gdi32full.dll
0x00007ff8a9140000 - 0x00007ff8a91e3000 	C:\WINDOWS\System32\msvcp_win.dll
0x00007ff8963e0000 - 0x00007ff8963fe000 	c:\Users\danie\.vscode\extensions\redhat.java-1.42.0-win32-x64\jre\21.0.7-win32-x86_64\bin\VCRUNTIME140.dll
0x00007ff895070000 - 0x00007ff895300000 	C:\WINDOWS\WinSxS\amd64_microsoft.windows.common-controls_6595b64144ccf1df_6.0.26100.1882_none_3e0e949ae32eca40\COMCTL32.dll
0x00007ff8aaaa0000 - 0x00007ff8aab49000 	C:\WINDOWS\System32\msvcrt.dll
0x00007ff8aa9b0000 - 0x00007ff8aa9df000 	C:\WINDOWS\System32\IMM32.DLL
0x00007ff8a23d0000 - 0x00007ff8a23dc000 	c:\Users\danie\.vscode\extensions\redhat.java-1.42.0-win32-x64\jre\21.0.7-win32-x86_64\bin\vcruntime140_1.dll
0x00007ff88a4b0000 - 0x00007ff88a53d000 	c:\Users\danie\.vscode\extensions\redhat.java-1.42.0-win32-x64\jre\21.0.7-win32-x86_64\bin\msvcp140.dll
0x00007ff816330000 - 0x00007ff8170c0000 	c:\Users\danie\.vscode\extensions\redhat.java-1.42.0-win32-x64\jre\21.0.7-win32-x86_64\bin\server\jvm.dll
0x00007ff8aac30000 - 0x00007ff8aace4000 	C:\WINDOWS\System32\ADVAPI32.dll
0x00007ff8ab4d0000 - 0x00007ff8ab576000 	C:\WINDOWS\System32\sechost.dll
0x00007ff8abac0000 - 0x00007ff8abbd6000 	C:\WINDOWS\System32\RPCRT4.dll
0x00007ff8aaa20000 - 0x00007ff8aaa94000 	C:\WINDOWS\System32\WS2_32.dll
0x00007ff8a8ec0000 - 0x00007ff8a8f0e000 	C:\WINDOWS\SYSTEM32\POWRPROF.dll
0x00007ff8a6940000 - 0x00007ff8a6976000 	C:\WINDOWS\SYSTEM32\WINMM.dll
0x00007ff8a1080000 - 0x00007ff8a108b000 	C:\WINDOWS\SYSTEM32\VERSION.dll
0x00007ff8a8ea0000 - 0x00007ff8a8eb4000 	C:\WINDOWS\SYSTEM32\UMPDC.dll
0x00007ff8a7e80000 - 0x00007ff8a7e9a000 	C:\WINDOWS\SYSTEM32\kernel.appcore.dll
0x00007ff89b080000 - 0x00007ff89b08a000 	c:\Users\danie\.vscode\extensions\redhat.java-1.42.0-win32-x64\jre\21.0.7-win32-x86_64\bin\jimage.dll
0x00007ff8a66f0000 - 0x00007ff8a6931000 	C:\WINDOWS\SYSTEM32\DBGHELP.DLL
0x00007ff8ab5e0000 - 0x00007ff8ab95c000 	C:\WINDOWS\System32\combase.dll
0x00007ff8ab020000 - 0x00007ff8ab0f6000 	C:\WINDOWS\System32\OLEAUT32.dll
0x00007ff8a66b0000 - 0x00007ff8a66e9000 	C:\WINDOWS\SYSTEM32\dbgcore.DLL
0x00007ff8a90a0000 - 0x00007ff8a9139000 	C:\WINDOWS\System32\bcryptPrimitives.dll
0x00007ff89ada0000 - 0x00007ff89adaf000 	c:\Users\danie\.vscode\extensions\redhat.java-1.42.0-win32-x64\jre\21.0.7-win32-x86_64\bin\instrument.dll
0x00007ff895fe0000 - 0x00007ff895fff000 	c:\Users\danie\.vscode\extensions\redhat.java-1.42.0-win32-x64\jre\21.0.7-win32-x86_64\bin\java.dll
0x00007ff8a9aa0000 - 0x00007ff8aa198000 	C:\WINDOWS\System32\SHELL32.dll
0x00007ff8a6e00000 - 0x00007ff8a762a000 	C:\WINDOWS\SYSTEM32\windows.storage.dll
0x00007ff8ab2d0000 - 0x00007ff8ab3a3000 	C:\WINDOWS\System32\SHCORE.dll
0x00007ff8ab580000 - 0x00007ff8ab5dd000 	C:\WINDOWS\System32\shlwapi.dll
0x00007ff8a8f40000 - 0x00007ff8a8f69000 	C:\WINDOWS\SYSTEM32\profapi.dll
0x00007ff895c90000 - 0x00007ff895ca8000 	c:\Users\danie\.vscode\extensions\redhat.java-1.42.0-win32-x64\jre\21.0.7-win32-x86_64\bin\zip.dll
0x00007ff8980c0000 - 0x00007ff8980d0000 	C:\Users\danie\.vscode\extensions\redhat.java-1.42.0-win32-x64\jre\21.0.7-win32-x86_64\bin\net.dll
0x00007ff8a0d80000 - 0x00007ff8a0ea6000 	C:\WINDOWS\SYSTEM32\WINHTTP.dll
0x00007ff8a8380000 - 0x00007ff8a83e8000 	C:\WINDOWS\system32\mswsock.dll
0x00007ff895310000 - 0x00007ff895326000 	C:\Users\danie\.vscode\extensions\redhat.java-1.42.0-win32-x64\jre\21.0.7-win32-x86_64\bin\nio.dll
0x00007ff897640000 - 0x00007ff897650000 	c:\Users\danie\.vscode\extensions\redhat.java-1.42.0-win32-x64\jre\21.0.7-win32-x86_64\bin\verify.dll
0x00007ff8a06d0000 - 0x00007ff8a0715000 	C:\Users\danie\AppData\Roaming\Code\User\globalStorage\redhat.java\1.42.0\config_win\org.eclipse.equinox.launcher\org.eclipse.equinox.launcher.win32.win32.x86_64_1.2.1300.v20250331-1702\eclipse_11911.dll
0x00007ff8aa6f0000 - 0x00007ff8aa889000 	C:\WINDOWS\System32\ole32.dll
0x00007ff8a8620000 - 0x00007ff8a863c000 	C:\WINDOWS\SYSTEM32\CRYPTSP.dll
0x00007ff8a7de0000 - 0x00007ff8a7e18000 	C:\WINDOWS\system32\rsaenh.dll
0x00007ff8a8420000 - 0x00007ff8a844b000 	C:\WINDOWS\SYSTEM32\USERENV.dll
0x00007ff8a8860000 - 0x00007ff8a8886000 	C:\WINDOWS\SYSTEM32\bcrypt.dll
0x00007ff8a8640000 - 0x00007ff8a864c000 	C:\WINDOWS\SYSTEM32\CRYPTBASE.dll
0x00007ff8a78c0000 - 0x00007ff8a78f1000 	C:\WINDOWS\SYSTEM32\IPHLPAPI.DLL
0x00007ff8aa9a0000 - 0x00007ff8aa9aa000 	C:\WINDOWS\System32\NSI.dll
0x00007ff890cb0000 - 0x00007ff890cf9000 	C:\Users\danie\AppData\Local\Temp\jna-95350893\jna15065993305531723524.dll
0x00007ff8aab50000 - 0x00007ff8aab58000 	C:\WINDOWS\System32\PSAPI.DLL
0x00007ff8a1090000 - 0x00007ff8a10ae000 	C:\WINDOWS\SYSTEM32\dhcpcsvc6.DLL
0x00007ff8a1020000 - 0x00007ff8a1045000 	C:\WINDOWS\SYSTEM32\dhcpcsvc.DLL

dbghelp: loaded successfully - version: 4.0.5 - missing functions: none
symbol engine: initialized successfully - sym options: 0x614 - pdb path: .;c:\Users\danie\.vscode\extensions\redhat.java-1.42.0-win32-x64\jre\21.0.7-win32-x86_64\bin;C:\WINDOWS\SYSTEM32;C:\WINDOWS\WinSxS\amd64_microsoft.windows.common-controls_6595b64144ccf1df_6.0.26100.1882_none_3e0e949ae32eca40;c:\Users\danie\.vscode\extensions\redhat.java-1.42.0-win32-x64\jre\21.0.7-win32-x86_64\bin\server;C:\Users\danie\AppData\Roaming\Code\User\globalStorage\redhat.java\1.42.0\config_win\org.eclipse.equinox.launcher\org.eclipse.equinox.launcher.win32.win32.x86_64_1.2.1300.v20250331-1702;C:\Users\danie\AppData\Local\Temp\jna-95350893

VM Arguments:
jvm_args: --add-modules=ALL-SYSTEM --add-opens=java.base/java.util=ALL-UNNAMED --add-opens=java.base/java.lang=ALL-UNNAMED --add-opens=java.base/sun.nio.fs=ALL-UNNAMED -Declipse.application=org.eclipse.jdt.ls.core.id1 -Dosgi.bundles.defaultStartLevel=4 -Declipse.product=org.eclipse.jdt.ls.core.product -Djava.import.generatesMetadataFilesAtProjectRoot=false -DDetectVMInstallationsJob.disabled=true -Dfile.encoding=utf8 -XX:+UseParallelGC -XX:GCTimeRatio=4 -XX:AdaptiveSizePolicyWeight=90 -Dsun.zip.disableMemoryMapping=true -Xmx1G -Xms100m -Xlog:disable -javaagent:c:\Users\danie\.vscode\extensions\redhat.java-1.42.0-win32-x64\lombok\lombok-1.18.36.jar -XX:+HeapDumpOnOutOfMemoryError -XX:HeapDumpPath=c:\Users\danie\AppData\Roaming\Code\User\workspaceStorage\d43f701f7f95722364a21491d422b9fd\redhat.java -Daether.dependencyCollector.impl=bf 
java_command: c:\Users\danie\.vscode\extensions\redhat.java-1.42.0-win32-x64\server\plugins\org.eclipse.equinox.launcher_1.7.0.v20250424-1814.jar -configuration c:\Users\danie\AppData\Roaming\Code\User\globalStorage\redhat.java\1.42.0\config_win -data c:\Users\danie\AppData\Roaming\Code\User\workspaceStorage\d43f701f7f95722364a21491d422b9fd\redhat.java\jdt_ws --pipe=\\.\pipe\lsp-24438fd739ae282084f02944b8a4efe1-sock
java_class_path (initial): c:\Users\danie\.vscode\extensions\redhat.java-1.42.0-win32-x64\server\plugins\org.eclipse.equinox.launcher_1.7.0.v20250424-1814.jar
Launcher Type: SUN_STANDARD

[Global flags]
    uintx AdaptiveSizePolicyWeight                 = 90                                        {product} {command line}
     intx CICompilerCount                          = 3                                         {product} {ergonomic}
    uintx GCTimeRatio                              = 4                                         {product} {command line}
     bool HeapDumpOnOutOfMemoryError               = true                                   {manageable} {command line}
    ccstr HeapDumpPath                             = c:\Users\danie\AppData\Roaming\Code\User\workspaceStorage\d43f701f7f95722364a21491d422b9fd\redhat.java         {manageable} {command line}
   size_t InitialHeapSize                          = 104857600                                 {product} {command line}
   size_t MaxHeapSize                              = 1073741824                                {product} {command line}
   size_t MaxNewSize                               = 357564416                                 {product} {ergonomic}
   size_t MinHeapDeltaBytes                        = 524288                                    {product} {ergonomic}
   size_t MinHeapSize                              = 104857600                                 {product} {command line}
   size_t NewSize                                  = 34603008                                  {product} {ergonomic}
    uintx NonNMethodCodeHeapSize                   = 5832780                                {pd product} {ergonomic}
    uintx NonProfiledCodeHeapSize                  = 122912730                              {pd product} {ergonomic}
   size_t OldSize                                  = 70254592                                  {product} {ergonomic}
    uintx ProfiledCodeHeapSize                     = 122912730                              {pd product} {ergonomic}
    uintx ReservedCodeCacheSize                    = 251658240                              {pd product} {ergonomic}
     bool SegmentedCodeCache                       = true                                      {product} {ergonomic}
   size_t SoftMaxHeapSize                          = 1073741824                             {manageable} {ergonomic}
     bool UseCompressedOops                        = true                           {product lp64_product} {ergonomic}
     bool UseLargePagesIndividualAllocation        = false                                  {pd product} {ergonomic}
     bool UseParallelGC                            = true                                      {product} {command line}

Logging:
Log output configuration:
 #0: stdout all=off uptime,level,tags foldmultilines=false
 #1: stderr all=off uptime,level,tags foldmultilines=false

Environment Variables:
PATH=C:\Program Files\Common Files\Oracle\Java\javapath;C:\WINDOWS\system32;C:\WINDOWS;C:\WINDOWS\System32\Wbem;C:\WINDOWS\System32\WindowsPowerShell\v1.0\;C:\WINDOWS\System32\OpenSSH\;C:\Program Files (x86)\Microsoft SQL Server\160\Tools\Binn\;C:\Program Files\Microsoft SQL Server\160\Tools\Binn\;C:\Program Files\Microsoft SQL Server\Client SDK\ODBC\170\Tools\Binn\;C:\Program Files\Microsoft SQL Server\160\DTS\Binn\;C:\Program Files (x86)\Microsoft SQL Server\160\DTS\Binn\;C:\Program Files\nodejs\;C:\Program Files\Git\cmd;C:\Users\danie\AppData\Local\Programs\Python\Python312\Scripts\;C:\Users\danie\AppData\Local\Programs\Python\Python312\;C:\Users\danie\AppData\Local\Microsoft\WindowsApps;C:\Users\danie\AppData\Local\Programs\Microsoft VS Code\bin;C:\Users\danie\AppData\Roaming\npm;C:\Users\AppData\Programs\Git\cmd
USERNAME=danie
OS=Windows_NT
PROCESSOR_IDENTIFIER=AMD64 Family 23 Model 24 Stepping 1, AuthenticAMD
TMP=C:\Users\danie\AppData\Local\Temp
TEMP=C:\Users\danie\AppData\Local\Temp




Periodic native trim disabled

---------------  S Y S T E M  ---------------

OS:
 Windows 11 , 64 bit Build 26100 (10.0.26100.1882)
OS uptime: 0 days 5:01 hours

CPU: total 4 (initial active 4) (4 cores per cpu, 2 threads per core) family 23 model 24 stepping 1 microcode 0x8108109, cx8, cmov, fxsr, ht, mmx, 3dnowpref, sse, sse2, sse3, ssse3, sse4a, sse4.1, sse4.2, popcnt, lzcnt, tsc, tscinvbit, avx, avx2, aes, clmul, bmi1, bmi2, adx, sha, fma, vzeroupper, clflush, clflushopt, rdtscp, f16c
Processor Information for the first 4 processors :
  Max Mhz: 2400, Current Mhz: 2400, Mhz Limit: 2400

Memory: 4k page, system-wide physical 3520M (260M free)
TotalPageFile size 14272M (AvailPageFile size 6M)
current process WorkingSet (physical memory assigned to process): 438M, peak: 445M
current process commit charge ("private bytes"): 459M, peak: 944M

vm_info: OpenJDK 64-Bit Server VM (21.0.7+6-LTS) for windows-amd64 JRE (21.0.7+6-LTS), built on 2025-04-15T00:00:00Z by "admin" with MS VC++ 17.7 (VS2022)

END.
